[debug] [2020-08-15T13:14:29.382Z] ----------------------------------------------------------------------
[debug] [2020-08-15T13:14:29.385Z] Command:       C:\Program Files\nodejs\node.exe C:\Users\Hector T. Arenillo\AppData\Roaming\npm\node_modules\firebase-tools\lib\bin\firebase.js init
[debug] [2020-08-15T13:14:29.385Z] CLI Version:   8.7.0
[debug] [2020-08-15T13:14:29.385Z] Platform:      win32
[debug] [2020-08-15T13:14:29.385Z] Node Version:  v12.15.0
[debug] [2020-08-15T13:14:29.387Z] Time:          Sat Aug 15 2020 21:14:29 GMT+0800 (Australian Western Standard Time)
[debug] [2020-08-15T13:14:29.387Z] ----------------------------------------------------------------------
[debug] [2020-08-15T13:14:29.387Z] 
[debug] [2020-08-15T13:14:29.398Z] > command requires scopes: ["email","openid","https://www.googleapis.com/auth/cloudplatformprojects.readonly","https://www.googleapis.com/auth/firebase","https://www.googleapis.com/auth/cloud-platform"]
[debug] [2020-08-15T13:14:29.398Z] > authorizing via signed-in user
[info] 
     ######## #### ########  ######## ########     ###     ######  ########
     ##        ##  ##     ## ##       ##     ##  ##   ##  ##       ##
     ######    ##  ########  ######   ########  #########  ######  ######
     ##        ##  ##    ##  ##       ##     ## ##     ##       ## ##
     ##       #### ##     ## ######## ########  ##     ##  ######  ########

You're about to initialize a Firebase project in this directory:

  C:\Users\Hector T. Arenillo\Desktop\Arenillo-Chatbox\mychatbox_arenillo

[info] 
=== Project Setup
[info] 
[info] First, let's associate this project directory with a Firebase project.
[info] You can create multiple project aliases by running firebase use --add, 
[info] but for now we'll just set up a default project.
[info] 
[debug] [2020-08-15T13:15:16.999Z] > refreshing access token with scopes: ["email","https://www.googleapis.com/auth/cloud-platform","https://www.googleapis.com/auth/cloudplatformprojects.readonly","https://www.googleapis.com/auth/firebase","openid"]
[debug] [2020-08-15T13:15:17.000Z] >>> HTTP REQUEST POST https://www.googleapis.com/oauth2/v3/token  
 <request body omitted>
[debug] [2020-08-15T13:15:17.389Z] <<< HTTP RESPONSE 200 {"content-type":"application/json; charset=utf-8","vary":"X-Origin, Referer, Origin,Accept-Encoding","date":"Sat, 15 Aug 2020 13:15:17 GMT","server":"scaffolding on HTTPServer2","cache-control":"private","x-xss-protection":"0","x-frame-options":"SAMEORIGIN","x-content-type-options":"nosniff","alt-svc":"h3-29=\":443\"; ma=2592000,h3-27=\":443\"; ma=2592000,h3-T050=\":443\"; ma=2592000,h3-Q050=\":443\"; ma=2592000,h3-Q046=\":443\"; ma=2592000,h3-Q043=\":443\"; ma=2592000,quic=\":443\"; ma=2592000; v=\"46,43\"","accept-ranges":"none","transfer-encoding":"chunked"}
[debug] [2020-08-15T13:15:17.473Z] >>> HTTP REQUEST GET https://firebase.googleapis.com/v1beta1/projects?pageSize=100  
 
[debug] [2020-08-15T13:15:18.197Z] <<< HTTP RESPONSE 200 {"content-type":"application/json; charset=UTF-8","vary":"X-Origin, Referer, Origin,Accept-Encoding","date":"Sat, 15 Aug 2020 13:15:18 GMT","server":"ESF","cache-control":"private","x-xss-protection":"0","x-frame-options":"SAMEORIGIN","x-content-type-options":"nosniff","alt-svc":"h3-29=\":443\"; ma=2592000,h3-27=\":443\"; ma=2592000,h3-T050=\":443\"; ma=2592000,h3-Q050=\":443\"; ma=2592000,h3-Q046=\":443\"; ma=2592000,h3-Q043=\":443\"; ma=2592000,quic=\":443\"; ma=2592000; v=\"46,43\"","accept-ranges":"none","transfer-encoding":"chunked"}
[info] i  Using project mychatbox-639ea (MyChatBox) 
[info] 
=== Database Setup
[info] 
[info] Firebase Realtime Database Rules allow you to define how your data should be
[info] structured and when your data can be read from and written to.
[info] 
[debug] [2020-08-15T13:15:43.405Z] >>> HTTP REQUEST GET https://mychatbox-639ea.firebaseio.com/.settings/rules.json  
 
[debug] [2020-08-15T13:15:44.543Z] <<< HTTP RESPONSE 200 {"server":"nginx","date":"Sat, 15 Aug 2020 13:15:44 GMT","content-type":"application/json; charset=utf-8","content-length":"599","connection":"keep-alive","access-control-allow-origin":"*","cache-control":"no-cache","strict-transport-security":"max-age=31556926; includeSubDomains; preload"}
[debug] [2020-08-15T13:15:45.831Z] Error: EISDIR: illegal operation on a directory, open 'C:\Users\Hector T. Arenillo\Desktop\Arenillo-Chatbox\mychatbox_arenillo'
    at Object.openSync (fs.js:440:3)
    at Object.writeFileSync (fs.js:1265:35)
    at Config.writeProjectFile (C:\Users\Hector T. Arenillo\AppData\Roaming\npm\node_modules\firebase-tools\lib\config.js:155:8)
    at C:\Users\Hector T. Arenillo\AppData\Roaming\npm\node_modules\firebase-tools\lib\init\features\database.js:25:23
    at processTicksAndRejections (internal/process/task_queues.js:94:5)
[error] 
[error] Error: An unexpected error has occurred.
[debug] [2020-08-15T13:15:50.252Z] ----------------------------------------------------------------------
[debug] [2020-08-15T13:15:50.255Z] Command:       C:\Program Files\nodejs\node.exe C:\Users\Hector T. Arenillo\AppData\Roaming\npm\node_modules\firebase-tools\lib\bin\firebase.js init
[debug] [2020-08-15T13:15:50.255Z] CLI Version:   8.7.0
[debug] [2020-08-15T13:15:50.255Z] Platform:      win32
[debug] [2020-08-15T13:15:50.255Z] Node Version:  v12.15.0
[debug] [2020-08-15T13:15:50.257Z] Time:          Sat Aug 15 2020 21:15:50 GMT+0800 (Australian Western Standard Time)
[debug] [2020-08-15T13:15:50.257Z] ----------------------------------------------------------------------
[debug] [2020-08-15T13:15:50.257Z] 
[debug] [2020-08-15T13:15:50.267Z] > command requires scopes: ["email","openid","https://www.googleapis.com/auth/cloudplatformprojects.readonly","https://www.googleapis.com/auth/firebase","https://www.googleapis.com/auth/cloud-platform"]
[debug] [2020-08-15T13:15:50.268Z] > authorizing via signed-in user
[info] 
     ######## #### ########  ######## ########     ###     ######  ########
     ##        ##  ##     ## ##       ##     ##  ##   ##  ##       ##
     ######    ##  ########  ######   ########  #########  ######  ######
     ##        ##  ##    ##  ##       ##     ## ##     ##       ## ##
     ##       #### ##     ## ######## ########  ##     ##  ######  ########

You're about to initialize a Firebase project in this directory:

  C:\Users\Hector T. Arenillo\Desktop\Arenillo-Chatbox\mychatbox_arenillo

[info] 
=== Project Setup
[info] 
[info] First, let's associate this project directory with a Firebase project.
[info] You can create multiple project aliases by running firebase use --add, 
[info] but for now we'll just set up a default project.
[info] 
[debug] [2020-08-15T13:17:41.366Z] >>> HTTP REQUEST GET https://firebase.googleapis.com/v1beta1/projects?pageSize=100  
 
[debug] [2020-08-15T13:17:42.394Z] <<< HTTP RESPONSE 200 {"content-type":"application/json; charset=UTF-8","vary":"X-Origin, Referer, Origin,Accept-Encoding","date":"Sat, 15 Aug 2020 13:17:42 GMT","server":"ESF","cache-control":"private","x-xss-protection":"0","x-frame-options":"SAMEORIGIN","x-content-type-options":"nosniff","alt-svc":"h3-29=\":443\"; ma=2592000,h3-27=\":443\"; ma=2592000,h3-T050=\":443\"; ma=2592000,h3-Q050=\":443\"; ma=2592000,h3-Q046=\":443\"; ma=2592000,h3-Q043=\":443\"; ma=2592000,quic=\":443\"; ma=2592000; v=\"46,43\"","accept-ranges":"none","transfer-encoding":"chunked"}
[info] i  Using project mychatbox-639ea (MyChatBox) 
[info] 
=== Database Setup
[info] 
[info] Firebase Realtime Database Rules allow you to define how your data should be
[info] structured and when your data can be read from and written to.
[info] 
[debug] [2020-08-15T13:17:45.197Z] >>> HTTP REQUEST GET https://mychatbox-639ea.firebaseio.com/.settings/rules.json  
 
[debug] [2020-08-15T13:17:46.322Z] <<< HTTP RESPONSE 200 {"server":"nginx","date":"Sat, 15 Aug 2020 13:17:46 GMT","content-type":"application/json; charset=utf-8","content-length":"599","connection":"keep-alive","access-control-allow-origin":"*","cache-control":"no-cache","strict-transport-security":"max-age=31556926; includeSubDomains; preload"}
[info] +  Database Rules for mychatbox-639ea have been downloaded to database.rules.json. 
[info] Future modifications to database.rules.json will update Database Rules when you run
[info] firebase deploy.
[info] 
=== Hosting Setup
[info] 
[info] Your public directory is the folder (relative to your project directory) that
[info] will contain Hosting assets to be uploaded with firebase deploy. If you
[info] have a build process for your assets, use your build's output directory.
[info] 
[debug] [2020-08-15T13:18:16.301Z] >>> HTTP REQUEST GET https://www.gstatic.com/firebasejs/releases.json  
 
[debug] [2020-08-15T13:18:16.723Z] <<< HTTP RESPONSE 200 {"accept-ranges":"bytes","vary":"Accept-Encoding, Origin","content-type":"application/json","content-length":"1429","date":"Sat, 15 Aug 2020 13:18:16 GMT","expires":"Sat, 15 Aug 2020 14:08:16 GMT","cache-control":"public, max-age=3000","last-modified":"Thu, 13 Aug 2020 20:59:53 GMT","x-content-type-options":"nosniff","server":"sffe","x-xss-protection":"0","alt-svc":"h3-29=\":443\"; ma=2592000,h3-27=\":443\"; ma=2592000,h3-T050=\":443\"; ma=2592000,h3-Q050=\":443\"; ma=2592000,h3-Q046=\":443\"; ma=2592000,h3-Q043=\":443\"; ma=2592000,quic=\":443\"; ma=2592000; v=\"46,43\""}
